

processing file: omnivorous-generation-analysis.qmd
1/33                             
2/33 [setup]                     
3/33                             
4/33 [data-load]                 
5/33                             
6/33 [recoding]                  
7/33                             
8/33 [figure1-prep]              
9/33                             
10/33 [figure1-plot]              
11/33                             
12/33 [figure2-plot]              
13/33                             
14/33 [hapc-models]               
15/33                             
16/33 [hapc-table]                
17/33                             
18/33 [cohort-window-robustness]  
19/33                             
20/33 [age-spec-robustness]       
21/33                             
22/33 [advanced-robustness-checks]
23/33                             
24/33 [strat-college]             
25/33                             
26/33 [strat-race]                
27/33                             
28/33 [fosse-winship-bounds]      
29/33                             
30/33 [gam-lexis-surface]         
31/33                             
32/33 [apci-omnivore-score]       
Error in `UseMethod()`:
! no applicable method for 'mutate' applied to an object of class "NULL"
Backtrace:
    ▆
 1. ├─dplyr::select(...)
 2. └─dplyr::mutate(...) at dplyr/R/select.R:54:3

Quitting from omnivorous-generation-analysis.qmd:728-784 [apci-omnivore-score]
Execution halted
WARN: Error encountered when rendering files
