

processing file: omnivorous-generation-analysis.qmd
1/35                             
2/35 [setup]                     
3/35                             
4/35 [data-load]                 
5/35                             
6/35 [recoding]                  
7/35                             
8/35 [figure1-prep]              
9/35                             
10/35 [figure1-plot]              
11/35                             
12/35 [figure2-plot]              
13/35                             
14/35 [hapc-models]               
15/35                             
16/35 [hapc-table]                
17/35                             
18/35 [cohort-window-robustness]  
19/35                             
20/35 [age-spec-robustness]       
21/35                             
22/35 [advanced-robustness-checks]
23/35                             
24/35 [strat-college]             
25/35                             
26/35 [strat-race]                
27/35                             
28/35 [fosse-winship-bounds]      
29/35                             
30/35 [bootstrap-bounds]          
31/35                             
32/35 [gam-lexis-surface]         
33/35                             
34/35 [apci-omnivore-score]       
Error in `UseMethod()`:
! no applicable method for 'mutate' applied to an object of class "NULL"
Backtrace:
    ▆
 1. ├─dplyr::select(...)
 2. └─dplyr::mutate(...) at dplyr/R/select.R:54:3

Quitting from omnivorous-generation-analysis.qmd:843-899 [apci-omnivore-score]
Execution halted
WARN: Error encountered when rendering files
