

processing file: rohrer_bootstrapping_validation.qmd
1/5                   
2/5 [setup]           
3/5                   
4/5 [bootstrap-bounds]
5/5                   
output file: rohrer_bootstrapping_validation.knit.md

pandoc 
  to: html
  output-file: rohrer_bootstrapping_validation.html
  standalone: true
  section-divs: true
  html-math-method: mathjax
  wrap: none
  default-image-extension: png
  variables: {}
  
metadata
  document-css: false
  link-citations: true
  date-format: long
  lang: en
  engines:
    - path: /usr/share/positron/resources/app/quarto/share/extension-subtrees/julia-engine/_extensions/julia-engine/julia-engine.js
  title: Bootstrapped Bounding Analysis
  
Output created: rohrer_bootstrapping_validation.html

